Determining if the pthread_create exist failed with the following output:
Change Dir: /data/code/xl_slam/ch7_feature_method/build/CMakeFiles/CMakeTmp

Run Build Command:"/usr/bin/make" "cmTC_e35c1/fast"
/usr/bin/make -f CMakeFiles/cmTC_e35c1.dir/build.make CMakeFiles/cmTC_e35c1.dir/build
make[1]: Entering directory '/data/code/xl_slam/ch7_feature_method/build/CMakeFiles/CMakeTmp'
Building C object CMakeFiles/cmTC_e35c1.dir/CheckSymbolExists.c.o
/usr/bin/cc    -fPIC    -o CMakeFiles/cmTC_e35c1.dir/CheckSymbolExists.c.o   -c /data/code/xl_slam/ch7_feature_method/build/CMakeFiles/CMakeTmp/CheckSymbolExists.c
Linking C executable cmTC_e35c1
/usr/bin/cmake -E cmake_link_script CMakeFiles/cmTC_e35c1.dir/link.txt --verbose=1
/usr/bin/cc  -fPIC     CMakeFiles/cmTC_e35c1.dir/CheckSymbolExists.c.o  -o cmTC_e35c1 -rdynamic 
CMakeFiles/cmTC_e35c1.dir/CheckSymbolExists.c.o: In function `main':
CheckSymbolExists.c:(.text+0x1b): undefined reference to `pthread_create'
collect2: error: ld returned 1 exit status
CMakeFiles/cmTC_e35c1.dir/build.make:97: recipe for target 'cmTC_e35c1' failed
make[1]: *** [cmTC_e35c1] Error 1
make[1]: Leaving directory '/data/code/xl_slam/ch7_feature_method/build/CMakeFiles/CMakeTmp'
Makefile:126: recipe for target 'cmTC_e35c1/fast' failed
make: *** [cmTC_e35c1/fast] Error 2

File /data/code/xl_slam/ch7_feature_method/build/CMakeFiles/CMakeTmp/CheckSymbolExists.c:
/* */
#include <pthread.h>

int main(int argc, char** argv)
{
  (void)argv;
#ifndef pthread_create
  return ((int*)(&pthread_create))[argc];
#else
  (void)argc;
  return 0;
#endif
}

Determining if the function pthread_create exists in the pthreads failed with the following output:
Change Dir: /data/code/xl_slam/ch7_feature_method/build/CMakeFiles/CMakeTmp

Run Build Command:"/usr/bin/make" "cmTC_5ee3f/fast"
/usr/bin/make -f CMakeFiles/cmTC_5ee3f.dir/build.make CMakeFiles/cmTC_5ee3f.dir/build
make[1]: Entering directory '/data/code/xl_slam/ch7_feature_method/build/CMakeFiles/CMakeTmp'
Building C object CMakeFiles/cmTC_5ee3f.dir/CheckFunctionExists.c.o
/usr/bin/cc    -fPIC -DCHECK_FUNCTION_EXISTS=pthread_create   -o CMakeFiles/cmTC_5ee3f.dir/CheckFunctionExists.c.o   -c /usr/share/cmake-3.5/Modules/CheckFunctionExists.c
Linking C executable cmTC_5ee3f
/usr/bin/cmake -E cmake_link_script CMakeFiles/cmTC_5ee3f.dir/link.txt --verbose=1
/usr/bin/cc  -fPIC -DCHECK_FUNCTION_EXISTS=pthread_create    CMakeFiles/cmTC_5ee3f.dir/CheckFunctionExists.c.o  -o cmTC_5ee3f -rdynamic -lpthreads 
/usr/bin/ld: cannot find -lpthreads
collect2: error: ld returned 1 exit status
CMakeFiles/cmTC_5ee3f.dir/build.make:97: recipe for target 'cmTC_5ee3f' failed
make[1]: *** [cmTC_5ee3f] Error 1
make[1]: Leaving directory '/data/code/xl_slam/ch7_feature_method/build/CMakeFiles/CMakeTmp'
Makefile:126: recipe for target 'cmTC_5ee3f/fast' failed
make: *** [cmTC_5ee3f/fast] Error 2


