Determining if the pthread_create exist failed with the following output:
Change Dir: /data/code/xl_slam/hw7/directBA/cmake-build-debug/CMakeFiles/CMakeTmp

Run Build Command:"/usr/bin/make" "cmTC_d9bfa/fast"
/usr/bin/make -f CMakeFiles/cmTC_d9bfa.dir/build.make CMakeFiles/cmTC_d9bfa.dir/build
make[1]: Entering directory '/data/code/xl_slam/hw7/directBA/cmake-build-debug/CMakeFiles/CMakeTmp'
Building C object CMakeFiles/cmTC_d9bfa.dir/CheckSymbolExists.c.o
/usr/bin/cc   -fPIC    -o CMakeFiles/cmTC_d9bfa.dir/CheckSymbolExists.c.o   -c /data/code/xl_slam/hw7/directBA/cmake-build-debug/CMakeFiles/CMakeTmp/CheckSymbolExists.c
Linking C executable cmTC_d9bfa
/root/Downloads/clion-2018.1.1/bin/cmake/bin/cmake -E cmake_link_script CMakeFiles/cmTC_d9bfa.dir/link.txt --verbose=1
/usr/bin/cc -fPIC     -rdynamic CMakeFiles/cmTC_d9bfa.dir/CheckSymbolExists.c.o  -o cmTC_d9bfa 
CMakeFiles/cmTC_d9bfa.dir/CheckSymbolExists.c.o: In function `main':
CheckSymbolExists.c:(.text+0x1b): undefined reference to `pthread_create'
collect2: error: ld returned 1 exit status
CMakeFiles/cmTC_d9bfa.dir/build.make:97: recipe for target 'cmTC_d9bfa' failed
make[1]: *** [cmTC_d9bfa] Error 1
make[1]: Leaving directory '/data/code/xl_slam/hw7/directBA/cmake-build-debug/CMakeFiles/CMakeTmp'
Makefile:126: recipe for target 'cmTC_d9bfa/fast' failed
make: *** [cmTC_d9bfa/fast] Error 2

File /data/code/xl_slam/hw7/directBA/cmake-build-debug/CMakeFiles/CMakeTmp/CheckSymbolExists.c:
/* */
#include <pthread.h>

int main(int argc, char** argv)
{
  (void)argv;
#ifndef pthread_create
  return ((int*)(&pthread_create))[argc];
#else
  (void)argc;
  return 0;
#endif
}

Determining if the function pthread_create exists in the pthreads failed with the following output:
Change Dir: /data/code/xl_slam/hw7/directBA/cmake-build-debug/CMakeFiles/CMakeTmp

Run Build Command:"/usr/bin/make" "cmTC_bc80b/fast"
/usr/bin/make -f CMakeFiles/cmTC_bc80b.dir/build.make CMakeFiles/cmTC_bc80b.dir/build
make[1]: Entering directory '/data/code/xl_slam/hw7/directBA/cmake-build-debug/CMakeFiles/CMakeTmp'
Building C object CMakeFiles/cmTC_bc80b.dir/CheckFunctionExists.c.o
/usr/bin/cc   -fPIC -DCHECK_FUNCTION_EXISTS=pthread_create   -o CMakeFiles/cmTC_bc80b.dir/CheckFunctionExists.c.o   -c /root/Downloads/clion-2018.1.1/bin/cmake/share/cmake-3.10/Modules/CheckFunctionExists.c
Linking C executable cmTC_bc80b
/root/Downloads/clion-2018.1.1/bin/cmake/bin/cmake -E cmake_link_script CMakeFiles/cmTC_bc80b.dir/link.txt --verbose=1
/usr/bin/cc -fPIC -DCHECK_FUNCTION_EXISTS=pthread_create    -rdynamic CMakeFiles/cmTC_bc80b.dir/CheckFunctionExists.c.o  -o cmTC_bc80b -lpthreads 
/usr/bin/ld: cannot find -lpthreads
collect2: error: ld returned 1 exit status
CMakeFiles/cmTC_bc80b.dir/build.make:97: recipe for target 'cmTC_bc80b' failed
make[1]: *** [cmTC_bc80b] Error 1
make[1]: Leaving directory '/data/code/xl_slam/hw7/directBA/cmake-build-debug/CMakeFiles/CMakeTmp'
Makefile:126: recipe for target 'cmTC_bc80b/fast' failed
make: *** [cmTC_bc80b/fast] Error 2


