Determining if the pthread_create exist failed with the following output:
Change Dir: /data/code/xl_slam/hw7/directBA/build/CMakeFiles/CMakeTmp

Run Build Command:"/usr/bin/make" "cmTC_28fcf/fast"
/usr/bin/make -f CMakeFiles/cmTC_28fcf.dir/build.make CMakeFiles/cmTC_28fcf.dir/build
make[1]: Entering directory '/data/code/xl_slam/hw7/directBA/build/CMakeFiles/CMakeTmp'
Building C object CMakeFiles/cmTC_28fcf.dir/CheckSymbolExists.c.o
/usr/bin/cc    -fPIC    -o CMakeFiles/cmTC_28fcf.dir/CheckSymbolExists.c.o   -c /data/code/xl_slam/hw7/directBA/build/CMakeFiles/CMakeTmp/CheckSymbolExists.c
Linking C executable cmTC_28fcf
/usr/bin/cmake -E cmake_link_script CMakeFiles/cmTC_28fcf.dir/link.txt --verbose=1
/usr/bin/cc  -fPIC     CMakeFiles/cmTC_28fcf.dir/CheckSymbolExists.c.o  -o cmTC_28fcf -rdynamic 
CMakeFiles/cmTC_28fcf.dir/CheckSymbolExists.c.o: In function `main':
CheckSymbolExists.c:(.text+0x1b): undefined reference to `pthread_create'
collect2: error: ld returned 1 exit status
CMakeFiles/cmTC_28fcf.dir/build.make:97: recipe for target 'cmTC_28fcf' failed
make[1]: *** [cmTC_28fcf] Error 1
make[1]: Leaving directory '/data/code/xl_slam/hw7/directBA/build/CMakeFiles/CMakeTmp'
Makefile:126: recipe for target 'cmTC_28fcf/fast' failed
make: *** [cmTC_28fcf/fast] Error 2

File /data/code/xl_slam/hw7/directBA/build/CMakeFiles/CMakeTmp/CheckSymbolExists.c:
/* */
#include <pthread.h>

int main(int argc, char** argv)
{
  (void)argv;
#ifndef pthread_create
  return ((int*)(&pthread_create))[argc];
#else
  (void)argc;
  return 0;
#endif
}

Determining if the function pthread_create exists in the pthreads failed with the following output:
Change Dir: /data/code/xl_slam/hw7/directBA/build/CMakeFiles/CMakeTmp

Run Build Command:"/usr/bin/make" "cmTC_fcde4/fast"
/usr/bin/make -f CMakeFiles/cmTC_fcde4.dir/build.make CMakeFiles/cmTC_fcde4.dir/build
make[1]: Entering directory '/data/code/xl_slam/hw7/directBA/build/CMakeFiles/CMakeTmp'
Building C object CMakeFiles/cmTC_fcde4.dir/CheckFunctionExists.c.o
/usr/bin/cc    -fPIC -DCHECK_FUNCTION_EXISTS=pthread_create   -o CMakeFiles/cmTC_fcde4.dir/CheckFunctionExists.c.o   -c /usr/share/cmake-3.5/Modules/CheckFunctionExists.c
Linking C executable cmTC_fcde4
/usr/bin/cmake -E cmake_link_script CMakeFiles/cmTC_fcde4.dir/link.txt --verbose=1
/usr/bin/cc  -fPIC -DCHECK_FUNCTION_EXISTS=pthread_create    CMakeFiles/cmTC_fcde4.dir/CheckFunctionExists.c.o  -o cmTC_fcde4 -rdynamic -lpthreads 
/usr/bin/ld: cannot find -lpthreads
collect2: error: ld returned 1 exit status
CMakeFiles/cmTC_fcde4.dir/build.make:97: recipe for target 'cmTC_fcde4' failed
make[1]: *** [cmTC_fcde4] Error 1
make[1]: Leaving directory '/data/code/xl_slam/hw7/directBA/build/CMakeFiles/CMakeTmp'
Makefile:126: recipe for target 'cmTC_fcde4/fast' failed
make: *** [cmTC_fcde4/fast] Error 2


