Determining if the pthread_create exist failed with the following output:
Change Dir: /data/code7/xl_slam/hw6/direct_method/cmake-build-debug/CMakeFiles/CMakeTmp

Run Build Command:"/usr/bin/make" "cmTC_d8e66/fast"
/usr/bin/make -f CMakeFiles/cmTC_d8e66.dir/build.make CMakeFiles/cmTC_d8e66.dir/build
make[1]: Entering directory '/data/code7/xl_slam/hw6/direct_method/cmake-build-debug/CMakeFiles/CMakeTmp'
Building C object CMakeFiles/cmTC_d8e66.dir/CheckSymbolExists.c.o
/usr/bin/cc   -fPIC    -o CMakeFiles/cmTC_d8e66.dir/CheckSymbolExists.c.o   -c /data/code7/xl_slam/hw6/direct_method/cmake-build-debug/CMakeFiles/CMakeTmp/CheckSymbolExists.c
Linking C executable cmTC_d8e66
/root/Downloads/clion-2018.1.1/bin/cmake/bin/cmake -E cmake_link_script CMakeFiles/cmTC_d8e66.dir/link.txt --verbose=1
/usr/bin/cc -fPIC     -rdynamic CMakeFiles/cmTC_d8e66.dir/CheckSymbolExists.c.o  -o cmTC_d8e66 
CMakeFiles/cmTC_d8e66.dir/CheckSymbolExists.c.o: In function `main':
CheckSymbolExists.c:(.text+0x1b): undefined reference to `pthread_create'
collect2: error: ld returned 1 exit status
CMakeFiles/cmTC_d8e66.dir/build.make:97: recipe for target 'cmTC_d8e66' failed
make[1]: *** [cmTC_d8e66] Error 1
make[1]: Leaving directory '/data/code7/xl_slam/hw6/direct_method/cmake-build-debug/CMakeFiles/CMakeTmp'
Makefile:126: recipe for target 'cmTC_d8e66/fast' failed
make: *** [cmTC_d8e66/fast] Error 2

File /data/code7/xl_slam/hw6/direct_method/cmake-build-debug/CMakeFiles/CMakeTmp/CheckSymbolExists.c:
/* */
#include <pthread.h>

int main(int argc, char** argv)
{
  (void)argv;
#ifndef pthread_create
  return ((int*)(&pthread_create))[argc];
#else
  (void)argc;
  return 0;
#endif
}

Determining if the function pthread_create exists in the pthreads failed with the following output:
Change Dir: /data/code7/xl_slam/hw6/direct_method/cmake-build-debug/CMakeFiles/CMakeTmp

Run Build Command:"/usr/bin/make" "cmTC_7f1ed/fast"
/usr/bin/make -f CMakeFiles/cmTC_7f1ed.dir/build.make CMakeFiles/cmTC_7f1ed.dir/build
make[1]: Entering directory '/data/code7/xl_slam/hw6/direct_method/cmake-build-debug/CMakeFiles/CMakeTmp'
Building C object CMakeFiles/cmTC_7f1ed.dir/CheckFunctionExists.c.o
/usr/bin/cc   -fPIC -DCHECK_FUNCTION_EXISTS=pthread_create   -o CMakeFiles/cmTC_7f1ed.dir/CheckFunctionExists.c.o   -c /root/Downloads/clion-2018.1.1/bin/cmake/share/cmake-3.10/Modules/CheckFunctionExists.c
Linking C executable cmTC_7f1ed
/root/Downloads/clion-2018.1.1/bin/cmake/bin/cmake -E cmake_link_script CMakeFiles/cmTC_7f1ed.dir/link.txt --verbose=1
/usr/bin/cc -fPIC -DCHECK_FUNCTION_EXISTS=pthread_create    -rdynamic CMakeFiles/cmTC_7f1ed.dir/CheckFunctionExists.c.o  -o cmTC_7f1ed -lpthreads 
/usr/bin/ld: cannot find -lpthreads
collect2: error: ld returned 1 exit status
CMakeFiles/cmTC_7f1ed.dir/build.make:97: recipe for target 'cmTC_7f1ed' failed
make[1]: *** [cmTC_7f1ed] Error 1
make[1]: Leaving directory '/data/code7/xl_slam/hw6/direct_method/cmake-build-debug/CMakeFiles/CMakeTmp'
Makefile:126: recipe for target 'cmTC_7f1ed/fast' failed
make: *** [cmTC_7f1ed/fast] Error 2


