Determining if the pthread_create exist failed with the following output:
Change Dir: /data2/code2/xl_slam/hw4/disparity/build2/CMakeFiles/CMakeTmp

Run Build Command:"/usr/bin/make" "cmTC_19630/fast"
/usr/bin/make -f CMakeFiles/cmTC_19630.dir/build.make CMakeFiles/cmTC_19630.dir/build
make[1]: Entering directory `/data2/code2/xl_slam/hw4/disparity/build2/CMakeFiles/CMakeTmp'
Building C object CMakeFiles/cmTC_19630.dir/CheckSymbolExists.c.o
/usr/bin/cc    -o CMakeFiles/cmTC_19630.dir/CheckSymbolExists.c.o   -c /data2/code2/xl_slam/hw4/disparity/build2/CMakeFiles/CMakeTmp/CheckSymbolExists.c
Linking C executable cmTC_19630
/usr/local/bin/cmake -E cmake_link_script CMakeFiles/cmTC_19630.dir/link.txt --verbose=1
/usr/bin/cc      -rdynamic CMakeFiles/cmTC_19630.dir/CheckSymbolExists.c.o  -o cmTC_19630 
CMakeFiles/cmTC_19630.dir/CheckSymbolExists.c.o: In function `main':
CheckSymbolExists.c:(.text+0x16): undefined reference to `pthread_create'
collect2: error: ld returned 1 exit status
make[1]: *** [cmTC_19630] Error 1
make[1]: Leaving directory `/data2/code2/xl_slam/hw4/disparity/build2/CMakeFiles/CMakeTmp'
make: *** [cmTC_19630/fast] Error 2

File /data2/code2/xl_slam/hw4/disparity/build2/CMakeFiles/CMakeTmp/CheckSymbolExists.c:
/* */
#include <pthread.h>

int main(int argc, char** argv)
{
  (void)argv;
#ifndef pthread_create
  return ((int*)(&pthread_create))[argc];
#else
  (void)argc;
  return 0;
#endif
}

Determining if the function pthread_create exists in the pthreads failed with the following output:
Change Dir: /data2/code2/xl_slam/hw4/disparity/build2/CMakeFiles/CMakeTmp

Run Build Command:"/usr/bin/make" "cmTC_7ecc7/fast"
/usr/bin/make -f CMakeFiles/cmTC_7ecc7.dir/build.make CMakeFiles/cmTC_7ecc7.dir/build
make[1]: Entering directory `/data2/code2/xl_slam/hw4/disparity/build2/CMakeFiles/CMakeTmp'
Building C object CMakeFiles/cmTC_7ecc7.dir/CheckFunctionExists.c.o
/usr/bin/cc   -DCHECK_FUNCTION_EXISTS=pthread_create   -o CMakeFiles/cmTC_7ecc7.dir/CheckFunctionExists.c.o   -c /usr/local/share/cmake-3.10/Modules/CheckFunctionExists.c
Linking C executable cmTC_7ecc7
/usr/local/bin/cmake -E cmake_link_script CMakeFiles/cmTC_7ecc7.dir/link.txt --verbose=1
/usr/bin/cc  -DCHECK_FUNCTION_EXISTS=pthread_create    -rdynamic CMakeFiles/cmTC_7ecc7.dir/CheckFunctionExists.c.o  -o cmTC_7ecc7 -lpthreads 
/usr/bin/ld: cannot find -lpthreads
collect2: error: ld returned 1 exit status
make[1]: *** [cmTC_7ecc7] Error 1
make[1]: Leaving directory `/data2/code2/xl_slam/hw4/disparity/build2/CMakeFiles/CMakeTmp'
make: *** [cmTC_7ecc7/fast] Error 2


