Determining if the pthread_create exist failed with the following output:
Change Dir: /data/code8/xl_slam/hw6/direct_method/build3/CMakeFiles/CMakeTmp

Run Build Command:"/usr/bin/make" "cmTC_4b57e/fast"
/usr/bin/make -f CMakeFiles/cmTC_4b57e.dir/build.make CMakeFiles/cmTC_4b57e.dir/build
make[1]: Entering directory '/data/code8/xl_slam/hw6/direct_method/build3/CMakeFiles/CMakeTmp'
Building C object CMakeFiles/cmTC_4b57e.dir/CheckSymbolExists.c.o
/usr/bin/cc    -fPIC    -o CMakeFiles/cmTC_4b57e.dir/CheckSymbolExists.c.o   -c /data/code8/xl_slam/hw6/direct_method/build3/CMakeFiles/CMakeTmp/CheckSymbolExists.c
Linking C executable cmTC_4b57e
/usr/bin/cmake -E cmake_link_script CMakeFiles/cmTC_4b57e.dir/link.txt --verbose=1
/usr/bin/cc  -fPIC     CMakeFiles/cmTC_4b57e.dir/CheckSymbolExists.c.o  -o cmTC_4b57e -rdynamic 
CMakeFiles/cmTC_4b57e.dir/CheckSymbolExists.c.o: In function `main':
CheckSymbolExists.c:(.text+0x1b): undefined reference to `pthread_create'
collect2: error: ld returned 1 exit status
CMakeFiles/cmTC_4b57e.dir/build.make:97: recipe for target 'cmTC_4b57e' failed
make[1]: *** [cmTC_4b57e] Error 1
make[1]: Leaving directory '/data/code8/xl_slam/hw6/direct_method/build3/CMakeFiles/CMakeTmp'
Makefile:126: recipe for target 'cmTC_4b57e/fast' failed
make: *** [cmTC_4b57e/fast] Error 2

File /data/code8/xl_slam/hw6/direct_method/build3/CMakeFiles/CMakeTmp/CheckSymbolExists.c:
/* */
#include <pthread.h>

int main(int argc, char** argv)
{
  (void)argv;
#ifndef pthread_create
  return ((int*)(&pthread_create))[argc];
#else
  (void)argc;
  return 0;
#endif
}

Determining if the function pthread_create exists in the pthreads failed with the following output:
Change Dir: /data/code8/xl_slam/hw6/direct_method/build3/CMakeFiles/CMakeTmp

Run Build Command:"/usr/bin/make" "cmTC_247ea/fast"
/usr/bin/make -f CMakeFiles/cmTC_247ea.dir/build.make CMakeFiles/cmTC_247ea.dir/build
make[1]: Entering directory '/data/code8/xl_slam/hw6/direct_method/build3/CMakeFiles/CMakeTmp'
Building C object CMakeFiles/cmTC_247ea.dir/CheckFunctionExists.c.o
/usr/bin/cc    -fPIC -DCHECK_FUNCTION_EXISTS=pthread_create   -o CMakeFiles/cmTC_247ea.dir/CheckFunctionExists.c.o   -c /usr/share/cmake-3.5/Modules/CheckFunctionExists.c
Linking C executable cmTC_247ea
/usr/bin/cmake -E cmake_link_script CMakeFiles/cmTC_247ea.dir/link.txt --verbose=1
/usr/bin/cc  -fPIC -DCHECK_FUNCTION_EXISTS=pthread_create    CMakeFiles/cmTC_247ea.dir/CheckFunctionExists.c.o  -o cmTC_247ea -rdynamic -lpthreads 
/usr/bin/ld: cannot find -lpthreads
collect2: error: ld returned 1 exit status
CMakeFiles/cmTC_247ea.dir/build.make:97: recipe for target 'cmTC_247ea' failed
make[1]: *** [cmTC_247ea] Error 1
make[1]: Leaving directory '/data/code8/xl_slam/hw6/direct_method/build3/CMakeFiles/CMakeTmp'
Makefile:126: recipe for target 'cmTC_247ea/fast' failed
make: *** [cmTC_247ea/fast] Error 2


