Determining if the pthread_create exist failed with the following output:
Change Dir: /data/code/xl_slam/ch8_direct_method/directMethod/cmake-build-debug/CMakeFiles/CMakeTmp

Run Build Command:"/usr/bin/make" "cmTC_5c519/fast"
/usr/bin/make -f CMakeFiles/cmTC_5c519.dir/build.make CMakeFiles/cmTC_5c519.dir/build
make[1]: Entering directory '/data/code/xl_slam/ch8_direct_method/directMethod/cmake-build-debug/CMakeFiles/CMakeTmp'
Building C object CMakeFiles/cmTC_5c519.dir/CheckSymbolExists.c.o
/usr/bin/cc   -fPIC    -o CMakeFiles/cmTC_5c519.dir/CheckSymbolExists.c.o   -c /data/code/xl_slam/ch8_direct_method/directMethod/cmake-build-debug/CMakeFiles/CMakeTmp/CheckSymbolExists.c
Linking C executable cmTC_5c519
/root/Downloads/clion-2017.3.1/bin/cmake/bin/cmake -E cmake_link_script CMakeFiles/cmTC_5c519.dir/link.txt --verbose=1
/usr/bin/cc -fPIC     -rdynamic CMakeFiles/cmTC_5c519.dir/CheckSymbolExists.c.o  -o cmTC_5c519 
CMakeFiles/cmTC_5c519.dir/CheckSymbolExists.c.o: In function `main':
CheckSymbolExists.c:(.text+0x1b): undefined reference to `pthread_create'
collect2: error: ld returned 1 exit status
CMakeFiles/cmTC_5c519.dir/build.make:97: recipe for target 'cmTC_5c519' failed
make[1]: *** [cmTC_5c519] Error 1
make[1]: Leaving directory '/data/code/xl_slam/ch8_direct_method/directMethod/cmake-build-debug/CMakeFiles/CMakeTmp'
Makefile:126: recipe for target 'cmTC_5c519/fast' failed
make: *** [cmTC_5c519/fast] Error 2

File /data/code/xl_slam/ch8_direct_method/directMethod/cmake-build-debug/CMakeFiles/CMakeTmp/CheckSymbolExists.c:
/* */
#include <pthread.h>

int main(int argc, char** argv)
{
  (void)argv;
#ifndef pthread_create
  return ((int*)(&pthread_create))[argc];
#else
  (void)argc;
  return 0;
#endif
}

Determining if the function pthread_create exists in the pthreads failed with the following output:
Change Dir: /data/code/xl_slam/ch8_direct_method/directMethod/cmake-build-debug/CMakeFiles/CMakeTmp

Run Build Command:"/usr/bin/make" "cmTC_e0d91/fast"
/usr/bin/make -f CMakeFiles/cmTC_e0d91.dir/build.make CMakeFiles/cmTC_e0d91.dir/build
make[1]: Entering directory '/data/code/xl_slam/ch8_direct_method/directMethod/cmake-build-debug/CMakeFiles/CMakeTmp'
Building C object CMakeFiles/cmTC_e0d91.dir/CheckFunctionExists.c.o
/usr/bin/cc   -fPIC -DCHECK_FUNCTION_EXISTS=pthread_create   -o CMakeFiles/cmTC_e0d91.dir/CheckFunctionExists.c.o   -c /root/Downloads/clion-2017.3.1/bin/cmake/share/cmake-3.9/Modules/CheckFunctionExists.c
Linking C executable cmTC_e0d91
/root/Downloads/clion-2017.3.1/bin/cmake/bin/cmake -E cmake_link_script CMakeFiles/cmTC_e0d91.dir/link.txt --verbose=1
/usr/bin/cc -fPIC -DCHECK_FUNCTION_EXISTS=pthread_create    -rdynamic CMakeFiles/cmTC_e0d91.dir/CheckFunctionExists.c.o  -o cmTC_e0d91 -lpthreads 
/usr/bin/ld: cannot find -lpthreads
collect2: error: ld returned 1 exit status
CMakeFiles/cmTC_e0d91.dir/build.make:97: recipe for target 'cmTC_e0d91' failed
make[1]: *** [cmTC_e0d91] Error 1
make[1]: Leaving directory '/data/code/xl_slam/ch8_direct_method/directMethod/cmake-build-debug/CMakeFiles/CMakeTmp'
Makefile:126: recipe for target 'cmTC_e0d91/fast' failed
make: *** [cmTC_e0d91/fast] Error 2


