Determining if the pthread_create exist failed with the following output:
Change Dir: /data/code/xl_slam/hw6/direct_method/build/CMakeFiles/CMakeTmp

Run Build Command:"/usr/bin/make" "cmTC_f3edd/fast"
/usr/bin/make -f CMakeFiles/cmTC_f3edd.dir/build.make CMakeFiles/cmTC_f3edd.dir/build
make[1]: Entering directory '/data/code/xl_slam/hw6/direct_method/build/CMakeFiles/CMakeTmp'
Building C object CMakeFiles/cmTC_f3edd.dir/CheckSymbolExists.c.o
/usr/bin/cc    -fPIC    -o CMakeFiles/cmTC_f3edd.dir/CheckSymbolExists.c.o   -c /data/code/xl_slam/hw6/direct_method/build/CMakeFiles/CMakeTmp/CheckSymbolExists.c
Linking C executable cmTC_f3edd
/usr/bin/cmake -E cmake_link_script CMakeFiles/cmTC_f3edd.dir/link.txt --verbose=1
/usr/bin/cc  -fPIC     CMakeFiles/cmTC_f3edd.dir/CheckSymbolExists.c.o  -o cmTC_f3edd -rdynamic 
CMakeFiles/cmTC_f3edd.dir/CheckSymbolExists.c.o: In function `main':
CheckSymbolExists.c:(.text+0x1b): undefined reference to `pthread_create'
collect2: error: ld returned 1 exit status
CMakeFiles/cmTC_f3edd.dir/build.make:97: recipe for target 'cmTC_f3edd' failed
make[1]: *** [cmTC_f3edd] Error 1
make[1]: Leaving directory '/data/code/xl_slam/hw6/direct_method/build/CMakeFiles/CMakeTmp'
Makefile:126: recipe for target 'cmTC_f3edd/fast' failed
make: *** [cmTC_f3edd/fast] Error 2

File /data/code/xl_slam/hw6/direct_method/build/CMakeFiles/CMakeTmp/CheckSymbolExists.c:
/* */
#include <pthread.h>

int main(int argc, char** argv)
{
  (void)argv;
#ifndef pthread_create
  return ((int*)(&pthread_create))[argc];
#else
  (void)argc;
  return 0;
#endif
}

Determining if the function pthread_create exists in the pthreads failed with the following output:
Change Dir: /data/code/xl_slam/hw6/direct_method/build/CMakeFiles/CMakeTmp

Run Build Command:"/usr/bin/make" "cmTC_51db9/fast"
/usr/bin/make -f CMakeFiles/cmTC_51db9.dir/build.make CMakeFiles/cmTC_51db9.dir/build
make[1]: Entering directory '/data/code/xl_slam/hw6/direct_method/build/CMakeFiles/CMakeTmp'
Building C object CMakeFiles/cmTC_51db9.dir/CheckFunctionExists.c.o
/usr/bin/cc    -fPIC -DCHECK_FUNCTION_EXISTS=pthread_create   -o CMakeFiles/cmTC_51db9.dir/CheckFunctionExists.c.o   -c /usr/share/cmake-3.5/Modules/CheckFunctionExists.c
Linking C executable cmTC_51db9
/usr/bin/cmake -E cmake_link_script CMakeFiles/cmTC_51db9.dir/link.txt --verbose=1
/usr/bin/cc  -fPIC -DCHECK_FUNCTION_EXISTS=pthread_create    CMakeFiles/cmTC_51db9.dir/CheckFunctionExists.c.o  -o cmTC_51db9 -rdynamic -lpthreads 
/usr/bin/ld: cannot find -lpthreads
collect2: error: ld returned 1 exit status
CMakeFiles/cmTC_51db9.dir/build.make:97: recipe for target 'cmTC_51db9' failed
make[1]: *** [cmTC_51db9] Error 1
make[1]: Leaving directory '/data/code/xl_slam/hw6/direct_method/build/CMakeFiles/CMakeTmp'
Makefile:126: recipe for target 'cmTC_51db9/fast' failed
make: *** [cmTC_51db9/fast] Error 2


