Determining if the pthread_create exist failed with the following output:
Change Dir: /data/code/xl_slam/hw4/undistort_image/build/CMakeFiles/CMakeTmp

Run Build Command:"/usr/bin/make" "cmTC_ae9d9/fast"
/usr/bin/make -f CMakeFiles/cmTC_ae9d9.dir/build.make CMakeFiles/cmTC_ae9d9.dir/build
make[1]: Entering directory '/data/code/xl_slam/hw4/undistort_image/build/CMakeFiles/CMakeTmp'
Building C object CMakeFiles/cmTC_ae9d9.dir/CheckSymbolExists.c.o
/usr/bin/cc    -fPIC    -o CMakeFiles/cmTC_ae9d9.dir/CheckSymbolExists.c.o   -c /data/code/xl_slam/hw4/undistort_image/build/CMakeFiles/CMakeTmp/CheckSymbolExists.c
Linking C executable cmTC_ae9d9
/usr/bin/cmake -E cmake_link_script CMakeFiles/cmTC_ae9d9.dir/link.txt --verbose=1
/usr/bin/cc  -fPIC     CMakeFiles/cmTC_ae9d9.dir/CheckSymbolExists.c.o  -o cmTC_ae9d9 -rdynamic 
CMakeFiles/cmTC_ae9d9.dir/CheckSymbolExists.c.o: In function `main':
CheckSymbolExists.c:(.text+0x1b): undefined reference to `pthread_create'
collect2: error: ld returned 1 exit status
CMakeFiles/cmTC_ae9d9.dir/build.make:97: recipe for target 'cmTC_ae9d9' failed
make[1]: *** [cmTC_ae9d9] Error 1
make[1]: Leaving directory '/data/code/xl_slam/hw4/undistort_image/build/CMakeFiles/CMakeTmp'
Makefile:126: recipe for target 'cmTC_ae9d9/fast' failed
make: *** [cmTC_ae9d9/fast] Error 2

File /data/code/xl_slam/hw4/undistort_image/build/CMakeFiles/CMakeTmp/CheckSymbolExists.c:
/* */
#include <pthread.h>

int main(int argc, char** argv)
{
  (void)argv;
#ifndef pthread_create
  return ((int*)(&pthread_create))[argc];
#else
  (void)argc;
  return 0;
#endif
}

Determining if the function pthread_create exists in the pthreads failed with the following output:
Change Dir: /data/code/xl_slam/hw4/undistort_image/build/CMakeFiles/CMakeTmp

Run Build Command:"/usr/bin/make" "cmTC_4014b/fast"
/usr/bin/make -f CMakeFiles/cmTC_4014b.dir/build.make CMakeFiles/cmTC_4014b.dir/build
make[1]: Entering directory '/data/code/xl_slam/hw4/undistort_image/build/CMakeFiles/CMakeTmp'
Building C object CMakeFiles/cmTC_4014b.dir/CheckFunctionExists.c.o
/usr/bin/cc    -fPIC -DCHECK_FUNCTION_EXISTS=pthread_create   -o CMakeFiles/cmTC_4014b.dir/CheckFunctionExists.c.o   -c /usr/share/cmake-3.5/Modules/CheckFunctionExists.c
Linking C executable cmTC_4014b
/usr/bin/cmake -E cmake_link_script CMakeFiles/cmTC_4014b.dir/link.txt --verbose=1
/usr/bin/cc  -fPIC -DCHECK_FUNCTION_EXISTS=pthread_create    CMakeFiles/cmTC_4014b.dir/CheckFunctionExists.c.o  -o cmTC_4014b -rdynamic -lpthreads 
/usr/bin/ld: cannot find -lpthreads
collect2: error: ld returned 1 exit status
CMakeFiles/cmTC_4014b.dir/build.make:97: recipe for target 'cmTC_4014b' failed
make[1]: *** [cmTC_4014b] Error 1
make[1]: Leaving directory '/data/code/xl_slam/hw4/undistort_image/build/CMakeFiles/CMakeTmp'
Makefile:126: recipe for target 'cmTC_4014b/fast' failed
make: *** [cmTC_4014b/fast] Error 2


