Determining if the pthread_create exist failed with the following output:
Change Dir: /data/code8/xl_slam/ref_hw_1_7/hw7/hw7_ws/l7-3-direct-ba2/build2/CMakeFiles/CMakeTmp

Run Build Command:"/usr/bin/make" "cmTC_4e008/fast"
/usr/bin/make -f CMakeFiles/cmTC_4e008.dir/build.make CMakeFiles/cmTC_4e008.dir/build
make[1]: Entering directory '/data/code8/xl_slam/ref_hw_1_7/hw7/hw7_ws/l7-3-direct-ba2/build2/CMakeFiles/CMakeTmp'
Building C object CMakeFiles/cmTC_4e008.dir/CheckSymbolExists.c.o
/usr/bin/cc    -fPIC    -o CMakeFiles/cmTC_4e008.dir/CheckSymbolExists.c.o   -c /data/code8/xl_slam/ref_hw_1_7/hw7/hw7_ws/l7-3-direct-ba2/build2/CMakeFiles/CMakeTmp/CheckSymbolExists.c
Linking C executable cmTC_4e008
/usr/bin/cmake -E cmake_link_script CMakeFiles/cmTC_4e008.dir/link.txt --verbose=1
/usr/bin/cc  -fPIC     CMakeFiles/cmTC_4e008.dir/CheckSymbolExists.c.o  -o cmTC_4e008 -rdynamic 
CMakeFiles/cmTC_4e008.dir/CheckSymbolExists.c.o: In function `main':
CheckSymbolExists.c:(.text+0x1b): undefined reference to `pthread_create'
collect2: error: ld returned 1 exit status
CMakeFiles/cmTC_4e008.dir/build.make:97: recipe for target 'cmTC_4e008' failed
make[1]: *** [cmTC_4e008] Error 1
make[1]: Leaving directory '/data/code8/xl_slam/ref_hw_1_7/hw7/hw7_ws/l7-3-direct-ba2/build2/CMakeFiles/CMakeTmp'
Makefile:126: recipe for target 'cmTC_4e008/fast' failed
make: *** [cmTC_4e008/fast] Error 2

File /data/code8/xl_slam/ref_hw_1_7/hw7/hw7_ws/l7-3-direct-ba2/build2/CMakeFiles/CMakeTmp/CheckSymbolExists.c:
/* */
#include <pthread.h>

int main(int argc, char** argv)
{
  (void)argv;
#ifndef pthread_create
  return ((int*)(&pthread_create))[argc];
#else
  (void)argc;
  return 0;
#endif
}

Determining if the function pthread_create exists in the pthreads failed with the following output:
Change Dir: /data/code8/xl_slam/ref_hw_1_7/hw7/hw7_ws/l7-3-direct-ba2/build2/CMakeFiles/CMakeTmp

Run Build Command:"/usr/bin/make" "cmTC_d25be/fast"
/usr/bin/make -f CMakeFiles/cmTC_d25be.dir/build.make CMakeFiles/cmTC_d25be.dir/build
make[1]: Entering directory '/data/code8/xl_slam/ref_hw_1_7/hw7/hw7_ws/l7-3-direct-ba2/build2/CMakeFiles/CMakeTmp'
Building C object CMakeFiles/cmTC_d25be.dir/CheckFunctionExists.c.o
/usr/bin/cc    -fPIC -DCHECK_FUNCTION_EXISTS=pthread_create   -o CMakeFiles/cmTC_d25be.dir/CheckFunctionExists.c.o   -c /usr/share/cmake-3.5/Modules/CheckFunctionExists.c
Linking C executable cmTC_d25be
/usr/bin/cmake -E cmake_link_script CMakeFiles/cmTC_d25be.dir/link.txt --verbose=1
/usr/bin/cc  -fPIC -DCHECK_FUNCTION_EXISTS=pthread_create    CMakeFiles/cmTC_d25be.dir/CheckFunctionExists.c.o  -o cmTC_d25be -rdynamic -lpthreads 
/usr/bin/ld: cannot find -lpthreads
collect2: error: ld returned 1 exit status
CMakeFiles/cmTC_d25be.dir/build.make:97: recipe for target 'cmTC_d25be' failed
make[1]: *** [cmTC_d25be] Error 1
make[1]: Leaving directory '/data/code8/xl_slam/ref_hw_1_7/hw7/hw7_ws/l7-3-direct-ba2/build2/CMakeFiles/CMakeTmp'
Makefile:126: recipe for target 'cmTC_d25be/fast' failed
make: *** [cmTC_d25be/fast] Error 2


