Determining if the pthread_create exist failed with the following output:
Change Dir: /data/code/xl_slam/ch13_mapping/dense_monocular/build/CMakeFiles/CMakeTmp

Run Build Command:"/usr/bin/make" "cmTC_155a6/fast"
/usr/bin/make -f CMakeFiles/cmTC_155a6.dir/build.make CMakeFiles/cmTC_155a6.dir/build
make[1]: Entering directory '/data/code/xl_slam/ch13_mapping/dense_monocular/build/CMakeFiles/CMakeTmp'
Building C object CMakeFiles/cmTC_155a6.dir/CheckSymbolExists.c.o
/usr/bin/cc    -fPIC    -o CMakeFiles/cmTC_155a6.dir/CheckSymbolExists.c.o   -c /data/code/xl_slam/ch13_mapping/dense_monocular/build/CMakeFiles/CMakeTmp/CheckSymbolExists.c
Linking C executable cmTC_155a6
/usr/bin/cmake -E cmake_link_script CMakeFiles/cmTC_155a6.dir/link.txt --verbose=1
/usr/bin/cc  -fPIC     CMakeFiles/cmTC_155a6.dir/CheckSymbolExists.c.o  -o cmTC_155a6 -rdynamic 
CMakeFiles/cmTC_155a6.dir/CheckSymbolExists.c.o: In function `main':
CheckSymbolExists.c:(.text+0x1b): undefined reference to `pthread_create'
collect2: error: ld returned 1 exit status
CMakeFiles/cmTC_155a6.dir/build.make:97: recipe for target 'cmTC_155a6' failed
make[1]: *** [cmTC_155a6] Error 1
make[1]: Leaving directory '/data/code/xl_slam/ch13_mapping/dense_monocular/build/CMakeFiles/CMakeTmp'
Makefile:126: recipe for target 'cmTC_155a6/fast' failed
make: *** [cmTC_155a6/fast] Error 2

File /data/code/xl_slam/ch13_mapping/dense_monocular/build/CMakeFiles/CMakeTmp/CheckSymbolExists.c:
/* */
#include <pthread.h>

int main(int argc, char** argv)
{
  (void)argv;
#ifndef pthread_create
  return ((int*)(&pthread_create))[argc];
#else
  (void)argc;
  return 0;
#endif
}

Determining if the function pthread_create exists in the pthreads failed with the following output:
Change Dir: /data/code/xl_slam/ch13_mapping/dense_monocular/build/CMakeFiles/CMakeTmp

Run Build Command:"/usr/bin/make" "cmTC_7f54c/fast"
/usr/bin/make -f CMakeFiles/cmTC_7f54c.dir/build.make CMakeFiles/cmTC_7f54c.dir/build
make[1]: Entering directory '/data/code/xl_slam/ch13_mapping/dense_monocular/build/CMakeFiles/CMakeTmp'
Building C object CMakeFiles/cmTC_7f54c.dir/CheckFunctionExists.c.o
/usr/bin/cc    -fPIC -DCHECK_FUNCTION_EXISTS=pthread_create   -o CMakeFiles/cmTC_7f54c.dir/CheckFunctionExists.c.o   -c /usr/share/cmake-3.5/Modules/CheckFunctionExists.c
Linking C executable cmTC_7f54c
/usr/bin/cmake -E cmake_link_script CMakeFiles/cmTC_7f54c.dir/link.txt --verbose=1
/usr/bin/cc  -fPIC -DCHECK_FUNCTION_EXISTS=pthread_create    CMakeFiles/cmTC_7f54c.dir/CheckFunctionExists.c.o  -o cmTC_7f54c -rdynamic -lpthreads 
/usr/bin/ld: cannot find -lpthreads
collect2: error: ld returned 1 exit status
CMakeFiles/cmTC_7f54c.dir/build.make:97: recipe for target 'cmTC_7f54c' failed
make[1]: *** [cmTC_7f54c] Error 1
make[1]: Leaving directory '/data/code/xl_slam/ch13_mapping/dense_monocular/build/CMakeFiles/CMakeTmp'
Makefile:126: recipe for target 'cmTC_7f54c/fast' failed
make: *** [cmTC_7f54c/fast] Error 2


