Determining if the pthread_create exist failed with the following output:
Change Dir: /data/code/xl_slam/hw4/disparity/build/CMakeFiles/CMakeTmp

Run Build Command:"/usr/bin/make" "cmTC_76e2e/fast"
/usr/bin/make -f CMakeFiles/cmTC_76e2e.dir/build.make CMakeFiles/cmTC_76e2e.dir/build
make[1]: Entering directory `/data/code/xl_slam/hw4/disparity/build/CMakeFiles/CMakeTmp'
Building C object CMakeFiles/cmTC_76e2e.dir/CheckSymbolExists.c.o
/usr/bin/cc    -fPIC    -o CMakeFiles/cmTC_76e2e.dir/CheckSymbolExists.c.o   -c /data/code/xl_slam/hw4/disparity/build/CMakeFiles/CMakeTmp/CheckSymbolExists.c
Linking C executable cmTC_76e2e
/usr/local/bin/cmake -E cmake_link_script CMakeFiles/cmTC_76e2e.dir/link.txt --verbose=1
/usr/bin/cc  -fPIC     CMakeFiles/cmTC_76e2e.dir/CheckSymbolExists.c.o  -o cmTC_76e2e -rdynamic 
CMakeFiles/cmTC_76e2e.dir/CheckSymbolExists.c.o: In function `main':
CheckSymbolExists.c:(.text+0x1b): undefined reference to `pthread_create'
collect2: error: ld returned 1 exit status
make[1]: *** [cmTC_76e2e] Error 1
make[1]: Leaving directory `/data/code/xl_slam/hw4/disparity/build/CMakeFiles/CMakeTmp'
make: *** [cmTC_76e2e/fast] Error 2

File /data/code/xl_slam/hw4/disparity/build/CMakeFiles/CMakeTmp/CheckSymbolExists.c:
/* */
#include <pthread.h>

int main(int argc, char** argv)
{
  (void)argv;
#ifndef pthread_create
  return ((int*)(&pthread_create))[argc];
#else
  (void)argc;
  return 0;
#endif
}

Determining if the function pthread_create exists in the pthreads failed with the following output:
Change Dir: /data/code/xl_slam/hw4/disparity/build/CMakeFiles/CMakeTmp

Run Build Command:"/usr/bin/make" "cmTC_bb324/fast"
/usr/bin/make -f CMakeFiles/cmTC_bb324.dir/build.make CMakeFiles/cmTC_bb324.dir/build
make[1]: Entering directory `/data/code/xl_slam/hw4/disparity/build/CMakeFiles/CMakeTmp'
Building C object CMakeFiles/cmTC_bb324.dir/CheckFunctionExists.c.o
/usr/bin/cc    -fPIC -DCHECK_FUNCTION_EXISTS=pthread_create   -o CMakeFiles/cmTC_bb324.dir/CheckFunctionExists.c.o   -c /usr/local/share/cmake-3.6/Modules/CheckFunctionExists.c
Linking C executable cmTC_bb324
/usr/local/bin/cmake -E cmake_link_script CMakeFiles/cmTC_bb324.dir/link.txt --verbose=1
/usr/bin/cc  -fPIC -DCHECK_FUNCTION_EXISTS=pthread_create    CMakeFiles/cmTC_bb324.dir/CheckFunctionExists.c.o  -o cmTC_bb324 -rdynamic -lpthreads 
/usr/bin/ld: cannot find -lpthreads
collect2: error: ld returned 1 exit status
make[1]: *** [cmTC_bb324] Error 1
make[1]: Leaving directory `/data/code/xl_slam/hw4/disparity/build/CMakeFiles/CMakeTmp'
make: *** [cmTC_bb324/fast] Error 2


