Determining if the pthread_create exist failed with the following output:
Change Dir: /data/code8/xl_slam/ref_hw_1_7/hw6/hw6_ws/l6-3-direct/build3/CMakeFiles/CMakeTmp

Run Build Command:"/usr/bin/make" "cmTC_f9f80/fast"
/usr/bin/make -f CMakeFiles/cmTC_f9f80.dir/build.make CMakeFiles/cmTC_f9f80.dir/build
make[1]: Entering directory '/data/code8/xl_slam/ref_hw_1_7/hw6/hw6_ws/l6-3-direct/build3/CMakeFiles/CMakeTmp'
Building C object CMakeFiles/cmTC_f9f80.dir/CheckSymbolExists.c.o
/usr/bin/cc    -fPIC    -o CMakeFiles/cmTC_f9f80.dir/CheckSymbolExists.c.o   -c /data/code8/xl_slam/ref_hw_1_7/hw6/hw6_ws/l6-3-direct/build3/CMakeFiles/CMakeTmp/CheckSymbolExists.c
Linking C executable cmTC_f9f80
/usr/bin/cmake -E cmake_link_script CMakeFiles/cmTC_f9f80.dir/link.txt --verbose=1
/usr/bin/cc  -fPIC     CMakeFiles/cmTC_f9f80.dir/CheckSymbolExists.c.o  -o cmTC_f9f80 -rdynamic 
CMakeFiles/cmTC_f9f80.dir/CheckSymbolExists.c.o: In function `main':
CheckSymbolExists.c:(.text+0x1b): undefined reference to `pthread_create'
collect2: error: ld returned 1 exit status
CMakeFiles/cmTC_f9f80.dir/build.make:97: recipe for target 'cmTC_f9f80' failed
make[1]: *** [cmTC_f9f80] Error 1
make[1]: Leaving directory '/data/code8/xl_slam/ref_hw_1_7/hw6/hw6_ws/l6-3-direct/build3/CMakeFiles/CMakeTmp'
Makefile:126: recipe for target 'cmTC_f9f80/fast' failed
make: *** [cmTC_f9f80/fast] Error 2

File /data/code8/xl_slam/ref_hw_1_7/hw6/hw6_ws/l6-3-direct/build3/CMakeFiles/CMakeTmp/CheckSymbolExists.c:
/* */
#include <pthread.h>

int main(int argc, char** argv)
{
  (void)argv;
#ifndef pthread_create
  return ((int*)(&pthread_create))[argc];
#else
  (void)argc;
  return 0;
#endif
}

Determining if the function pthread_create exists in the pthreads failed with the following output:
Change Dir: /data/code8/xl_slam/ref_hw_1_7/hw6/hw6_ws/l6-3-direct/build3/CMakeFiles/CMakeTmp

Run Build Command:"/usr/bin/make" "cmTC_1f585/fast"
/usr/bin/make -f CMakeFiles/cmTC_1f585.dir/build.make CMakeFiles/cmTC_1f585.dir/build
make[1]: Entering directory '/data/code8/xl_slam/ref_hw_1_7/hw6/hw6_ws/l6-3-direct/build3/CMakeFiles/CMakeTmp'
Building C object CMakeFiles/cmTC_1f585.dir/CheckFunctionExists.c.o
/usr/bin/cc    -fPIC -DCHECK_FUNCTION_EXISTS=pthread_create   -o CMakeFiles/cmTC_1f585.dir/CheckFunctionExists.c.o   -c /usr/share/cmake-3.5/Modules/CheckFunctionExists.c
Linking C executable cmTC_1f585
/usr/bin/cmake -E cmake_link_script CMakeFiles/cmTC_1f585.dir/link.txt --verbose=1
/usr/bin/cc  -fPIC -DCHECK_FUNCTION_EXISTS=pthread_create    CMakeFiles/cmTC_1f585.dir/CheckFunctionExists.c.o  -o cmTC_1f585 -rdynamic -lpthreads 
/usr/bin/ld: cannot find -lpthreads
collect2: error: ld returned 1 exit status
CMakeFiles/cmTC_1f585.dir/build.make:97: recipe for target 'cmTC_1f585' failed
make[1]: *** [cmTC_1f585] Error 1
make[1]: Leaving directory '/data/code8/xl_slam/ref_hw_1_7/hw6/hw6_ws/l6-3-direct/build3/CMakeFiles/CMakeTmp'
Makefile:126: recipe for target 'cmTC_1f585/fast' failed
make: *** [cmTC_1f585/fast] Error 2


