Determining if the pthread_create exist failed with the following output:
Change Dir: /data/code7/xl_slam/hw6/optical_flow/build2/CMakeFiles/CMakeTmp

Run Build Command:"/usr/bin/make" "cmTC_a5b14/fast"
/usr/bin/make -f CMakeFiles/cmTC_a5b14.dir/build.make CMakeFiles/cmTC_a5b14.dir/build
make[1]: Entering directory '/data/code7/xl_slam/hw6/optical_flow/build2/CMakeFiles/CMakeTmp'
Building C object CMakeFiles/cmTC_a5b14.dir/CheckSymbolExists.c.o
/usr/bin/cc    -fPIC    -o CMakeFiles/cmTC_a5b14.dir/CheckSymbolExists.c.o   -c /data/code7/xl_slam/hw6/optical_flow/build2/CMakeFiles/CMakeTmp/CheckSymbolExists.c
Linking C executable cmTC_a5b14
/usr/bin/cmake -E cmake_link_script CMakeFiles/cmTC_a5b14.dir/link.txt --verbose=1
/usr/bin/cc  -fPIC     CMakeFiles/cmTC_a5b14.dir/CheckSymbolExists.c.o  -o cmTC_a5b14 -rdynamic 
CMakeFiles/cmTC_a5b14.dir/CheckSymbolExists.c.o: In function `main':
CheckSymbolExists.c:(.text+0x1b): undefined reference to `pthread_create'
collect2: error: ld returned 1 exit status
CMakeFiles/cmTC_a5b14.dir/build.make:97: recipe for target 'cmTC_a5b14' failed
make[1]: *** [cmTC_a5b14] Error 1
make[1]: Leaving directory '/data/code7/xl_slam/hw6/optical_flow/build2/CMakeFiles/CMakeTmp'
Makefile:126: recipe for target 'cmTC_a5b14/fast' failed
make: *** [cmTC_a5b14/fast] Error 2

File /data/code7/xl_slam/hw6/optical_flow/build2/CMakeFiles/CMakeTmp/CheckSymbolExists.c:
/* */
#include <pthread.h>

int main(int argc, char** argv)
{
  (void)argv;
#ifndef pthread_create
  return ((int*)(&pthread_create))[argc];
#else
  (void)argc;
  return 0;
#endif
}

Determining if the function pthread_create exists in the pthreads failed with the following output:
Change Dir: /data/code7/xl_slam/hw6/optical_flow/build2/CMakeFiles/CMakeTmp

Run Build Command:"/usr/bin/make" "cmTC_a9106/fast"
/usr/bin/make -f CMakeFiles/cmTC_a9106.dir/build.make CMakeFiles/cmTC_a9106.dir/build
make[1]: Entering directory '/data/code7/xl_slam/hw6/optical_flow/build2/CMakeFiles/CMakeTmp'
Building C object CMakeFiles/cmTC_a9106.dir/CheckFunctionExists.c.o
/usr/bin/cc    -fPIC -DCHECK_FUNCTION_EXISTS=pthread_create   -o CMakeFiles/cmTC_a9106.dir/CheckFunctionExists.c.o   -c /usr/share/cmake-3.5/Modules/CheckFunctionExists.c
Linking C executable cmTC_a9106
/usr/bin/cmake -E cmake_link_script CMakeFiles/cmTC_a9106.dir/link.txt --verbose=1
/usr/bin/cc  -fPIC -DCHECK_FUNCTION_EXISTS=pthread_create    CMakeFiles/cmTC_a9106.dir/CheckFunctionExists.c.o  -o cmTC_a9106 -rdynamic -lpthreads 
/usr/bin/ld: cannot find -lpthreads
collect2: error: ld returned 1 exit status
CMakeFiles/cmTC_a9106.dir/build.make:97: recipe for target 'cmTC_a9106' failed
make[1]: *** [cmTC_a9106] Error 1
make[1]: Leaving directory '/data/code7/xl_slam/hw6/optical_flow/build2/CMakeFiles/CMakeTmp'
Makefile:126: recipe for target 'cmTC_a9106/fast' failed
make: *** [cmTC_a9106/fast] Error 2


